make: Entering directory '/mnt/c/Users/Asus/Documents/code/plantilla_cientifica/docs'
sphinx-build -b html source build/html
Running Sphinx v9.1.0
loading translations [en]... done
making output directory... done
WARNING: html_static_path entry '_static' does not exist
building [mo]: targets for 0 po files that are out of date
writing output... 
building [html]: targets for 3 source files that are out of date
updating environment: [new config] 3 added, 0 changed, 0 removed
reading sources... [ 33%] api/modules
reading sources... [ 67%] api/science_lib
reading sources... [100%] index

looking for now-outdated files... none found
pickling environment... done
checking consistency... done
preparing documents... done
copying assets... 
copying static files... 
Writing evaluated template result to /mnt/c/Users/Asus/Documents/code/plantilla_cientifica/docs/build/html/_static/documentation_options.js
Writing evaluated template result to /mnt/c/Users/Asus/Documents/code/plantilla_cientifica/docs/build/html/_static/basic.css
Writing evaluated template result to /mnt/c/Users/Asus/Documents/code/plantilla_cientifica/docs/build/html/_static/language_data.js
Writing evaluated template result to /mnt/c/Users/Asus/Documents/code/plantilla_cientifica/docs/build/html/_static/js/versions.js
copying static files: done
copying extra files... 
copying extra files: done
copying assets: done
writing output... [ 33%] api/modules
writing output... [ 67%] api/science_lib
writing output... [100%] index

generating indices... genindex py-modindex done
writing additional pages... search done
dumping search index in English (code: en)... done
dumping object inventory... done
build succeeded, 1 warning.

The HTML pages are in build/html.
make: Leaving directory '/mnt/c/Users/Asus/Documents/code/plantilla_cientifica/docs'
